0 info it worked if it ends with ok
1 verbose cli [ '/home/salma/.nvm/versions/node/v6.9.5/bin/node',
1 verbose cli   '/home/salma/.nvm/versions/node/v6.9.5/bin/npm',
1 verbose cli   'install',
1 verbose cli   'moment' ]
2 info using npm@3.10.10
3 info using node@v6.9.5
4 silly loadCurrentTree Starting
5 silly install loadCurrentTree
6 silly install readLocalPackageData
7 silly fetchPackageMetaData moment@^2.18.1
8 silly fetchNamedPackageData moment
9 silly mapToRegistry name moment
10 silly mapToRegistry using default registry
11 silly mapToRegistry registry https://registry.npmjs.org/
12 silly mapToRegistry data Result {
12 silly mapToRegistry   raw: 'moment',
12 silly mapToRegistry   scope: null,
12 silly mapToRegistry   escapedName: 'moment',
12 silly mapToRegistry   name: 'moment',
12 silly mapToRegistry   rawSpec: '',
12 silly mapToRegistry   spec: 'latest',
12 silly mapToRegistry   type: 'tag' }
13 silly mapToRegistry uri https://registry.npmjs.org/moment
14 verbose request uri https://registry.npmjs.org/moment
15 verbose request no auth needed
16 info attempt registry request try #1 at 1:20:54 AM
17 verbose request id 0fd8b0fcb79dd803
18 verbose etag W/"58f8f871-1be6c"
19 verbose lastModified Thu, 20 Apr 2017 18:05:37 GMT
20 http request GET https://registry.npmjs.org/moment
21 http 304 https://registry.npmjs.org/moment
22 verbose headers { date: 'Sat, 22 Apr 2017 23:20:55 GMT',
22 verbose headers   via: '1.1 varnish',
22 verbose headers   'cache-control': 'max-age=300',
22 verbose headers   etag: 'W/"58f8f871-1be6c"',
22 verbose headers   age: '77',
22 verbose headers   connection: 'keep-alive',
22 verbose headers   'x-served-by': 'cache-fra1224-FRA',
22 verbose headers   'x-cache': 'HIT',
22 verbose headers   'x-cache-hits': '3',
22 verbose headers   'x-timer': 'S1492903255.244404,VS0,VE0',
22 verbose headers   vary: 'Accept-Encoding' }
23 silly get cb [ 304,
23 silly get   { date: 'Sat, 22 Apr 2017 23:20:55 GMT',
23 silly get     via: '1.1 varnish',
23 silly get     'cache-control': 'max-age=300',
23 silly get     etag: 'W/"58f8f871-1be6c"',
23 silly get     age: '77',
23 silly get     connection: 'keep-alive',
23 silly get     'x-served-by': 'cache-fra1224-FRA',
23 silly get     'x-cache': 'HIT',
23 silly get     'x-cache-hits': '3',
23 silly get     'x-timer': 'S1492903255.244404,VS0,VE0',
23 silly get     vary: 'Accept-Encoding' } ]
24 verbose etag https://registry.npmjs.org/moment from cache
25 verbose get saving moment to /home/salma/.npm/registry.npmjs.org/moment/.cache.json
26 verbose correctMkdir /home/salma/.npm correctMkdir not in flight; initializing
27 silly install normalizeTree
28 silly loadCurrentTree Finishing
29 silly loadIdealTree Starting
30 silly install loadIdealTree
31 silly cloneCurrentTree Starting
32 silly install cloneCurrentTreeToIdealTree
33 silly cloneCurrentTree Finishing
34 silly loadShrinkwrap Starting
35 silly install loadShrinkwrap
36 silly loadShrinkwrap Finishing
37 silly loadAllDepsIntoIdealTree Starting
38 silly install loadAllDepsIntoIdealTree
39 silly resolveWithNewModule moment@2.18.1 checking installable status
40 silly cache add args [ 'moment@^2.18.1', null ]
41 verbose cache add spec moment@^2.18.1
42 silly cache add parsed spec Result {
42 silly cache add   raw: 'moment@^2.18.1',
42 silly cache add   scope: null,
42 silly cache add   escapedName: 'moment',
42 silly cache add   name: 'moment',
42 silly cache add   rawSpec: '^2.18.1',
42 silly cache add   spec: '>=2.18.1 <3.0.0',
42 silly cache add   type: 'range' }
43 silly addNamed moment@>=2.18.1 <3.0.0
44 verbose addNamed ">=2.18.1 <3.0.0" is a valid semver range for moment
45 silly addNameRange { name: 'moment', range: '>=2.18.1 <3.0.0', hasData: false }
46 silly mapToRegistry name moment
47 silly mapToRegistry using default registry
48 silly mapToRegistry registry https://registry.npmjs.org/
49 silly mapToRegistry data Result {
49 silly mapToRegistry   raw: 'moment',
49 silly mapToRegistry   scope: null,
49 silly mapToRegistry   escapedName: 'moment',
49 silly mapToRegistry   name: 'moment',
49 silly mapToRegistry   rawSpec: '',
49 silly mapToRegistry   spec: 'latest',
49 silly mapToRegistry   type: 'tag' }
50 silly mapToRegistry uri https://registry.npmjs.org/moment
51 verbose addNameRange registry:https://registry.npmjs.org/moment not in flight; fetching
52 verbose get https://registry.npmjs.org/moment not expired, no request
53 silly addNameRange number 2 { name: 'moment', range: '>=2.18.1 <3.0.0', hasData: true }
54 silly addNameRange versions [ 'moment',
54 silly addNameRange   [ '1.0.0',
54 silly addNameRange     '1.0.1',
54 silly addNameRange     '1.1.0',
54 silly addNameRange     '1.1.1',
54 silly addNameRange     '1.2.0',
54 silly addNameRange     '1.3.0',
54 silly addNameRange     '1.4.0',
54 silly addNameRange     '1.5.0',
54 silly addNameRange     '1.5.1',
54 silly addNameRange     '1.6.0',
54 silly addNameRange     '1.6.1',
54 silly addNameRange     '1.6.2',
54 silly addNameRange     '1.7.0',
54 silly addNameRange     '1.7.1',
54 silly addNameRange     '1.7.2',
54 silly addNameRange     '2.0.0',
54 silly addNameRange     '2.1.0',
54 silly addNameRange     '2.2.1',
54 silly addNameRange     '2.3.0',
54 silly addNameRange     '2.3.1',
54 silly addNameRange     '2.4.0',
54 silly addNameRange     '2.5.0',
54 silly addNameRange     '2.5.1',
54 silly addNameRange     '2.6.0',
54 silly addNameRange     '2.7.0',
54 silly addNameRange     '2.8.1',
54 silly addNameRange     '2.8.2',
54 silly addNameRange     '2.8.3',
54 silly addNameRange     '2.8.4',
54 silly addNameRange     '2.9.0',
54 silly addNameRange     '2.10.2',
54 silly addNameRange     '2.10.3',
54 silly addNameRange     '2.10.5',
54 silly addNameRange     '2.10.6',
54 silly addNameRange     '2.11.0',
54 silly addNameRange     '2.11.1',
54 silly addNameRange     '2.11.2',
54 silly addNameRange     '2.12.0',
54 silly addNameRange     '2.13.0',
54 silly addNameRange     '2.14.0',
54 silly addNameRange     '2.14.1',
54 silly addNameRange     '2.15.0',
54 silly addNameRange     '2.15.1',
54 silly addNameRange     '2.15.2',
54 silly addNameRange     '2.16.0',
54 silly addNameRange     '2.17.0',
54 silly addNameRange     '2.17.1',
54 silly addNameRange     '2.18.0',
54 silly addNameRange     '2.18.1' ] ]
55 silly addNamed moment@2.18.1
56 verbose addNamed "2.18.1" is a plain semver version for moment
57 silly cache afterAdd moment@2.18.1
58 verbose afterAdd /home/salma/.npm/moment/2.18.1/package/package.json not in flight; writing
59 verbose correctMkdir /home/salma/.npm correctMkdir not in flight; initializing
60 verbose afterAdd /home/salma/.npm/moment/2.18.1/package/package.json written
61 silly loadAllDepsIntoIdealTree Finishing
62 silly loadIdealTree Finishing
63 silly currentTree platform@1.0.0
63 silly currentTree ├── accepts@1.3.3
63 silly currentTree ├── array-flatten@1.1.1
63 silly currentTree ├── async@2.1.4
63 silly currentTree ├── bcrypt-nodejs@0.0.3
63 silly currentTree ├── bluebird@2.10.2
63 silly currentTree ├── bson@1.0.4
63 silly currentTree ├── buffer-shims@1.0.0
63 silly currentTree ├── content-disposition@0.5.2
63 silly currentTree ├── content-type@1.0.2
63 silly currentTree ├── cookie-signature@1.0.6
63 silly currentTree ├── cookie@0.3.1
63 silly currentTree ├── core-util-is@1.0.2
63 silly currentTree ├── debug@2.6.1
63 silly currentTree ├── depd@1.1.0
63 silly currentTree ├── destroy@1.0.4
63 silly currentTree ├── ee-first@1.1.1
63 silly currentTree ├── encodeurl@1.0.1
63 silly currentTree ├── es6-promise@3.2.1
63 silly currentTree ├── escape-html@1.0.3
63 silly currentTree ├── etag@1.8.0
63 silly currentTree ├── express@4.15.2
63 silly currentTree ├─┬ finalhandler@1.0.1
63 silly currentTree │ └── debug@2.6.3
63 silly currentTree ├── forwarded@0.1.0
63 silly currentTree ├── fresh@0.5.0
63 silly currentTree ├── hooks-fixed@2.0.0
63 silly currentTree ├── http-errors@1.6.1
63 silly currentTree ├── inherits@2.0.3
63 silly currentTree ├── ipaddr.js@1.3.0
63 silly currentTree ├── isarray@1.0.0
63 silly currentTree ├── kareem@1.2.1
63 silly currentTree ├── lodash@4.17.4
63 silly currentTree ├── media-typer@0.3.0
63 silly currentTree ├── merge-descriptors@1.0.1
63 silly currentTree ├── methods@1.1.2
63 silly currentTree ├── mime-db@1.27.0
63 silly currentTree ├── mime-types@2.1.15
63 silly currentTree ├── mime@1.3.4
63 silly currentTree ├── mongodb-core@2.1.9
63 silly currentTree ├── mongodb@2.2.25
63 silly currentTree ├── mongoose@4.9.5
63 silly currentTree ├── mpath@0.2.1
63 silly currentTree ├── mpromise@0.5.5
63 silly currentTree ├─┬ mquery@2.3.0
63 silly currentTree │ ├── debug@2.2.0
63 silly currentTree │ ├── ms@0.7.1
63 silly currentTree │ └── sliced@0.0.5
63 silly currentTree ├── ms@0.7.2
63 silly currentTree ├── muri@1.2.1
63 silly currentTree ├── negotiator@0.6.1
63 silly currentTree ├── on-finished@2.3.0
63 silly currentTree ├── parseurl@1.3.1
63 silly currentTree ├── path-to-regexp@0.1.7
63 silly currentTree ├── process-nextick-args@1.0.7
63 silly currentTree ├── proxy-addr@1.1.4
63 silly currentTree ├── qs@6.4.0
63 silly currentTree ├── range-parser@1.2.0
63 silly currentTree ├── readable-stream@2.1.5
63 silly currentTree ├── regexp-clone@0.0.1
63 silly currentTree ├── require_optional@1.0.0
63 silly currentTree ├── resolve-from@2.0.0
63 silly currentTree ├── semver@5.3.0
63 silly currentTree ├── send@0.15.1
63 silly currentTree ├── serve-static@1.12.1
63 silly currentTree ├── setprototypeof@1.0.3
63 silly currentTree ├── sliced@1.0.1
63 silly currentTree ├── statuses@1.3.1
63 silly currentTree ├── string_decoder@0.10.31
63 silly currentTree ├── type-is@1.6.15
63 silly currentTree ├── unpipe@1.0.0
63 silly currentTree ├── util-deprecate@1.0.2
63 silly currentTree ├── utils-merge@1.0.0
63 silly currentTree └── vary@1.1.1
64 silly idealTree platform@1.0.0
64 silly idealTree ├── accepts@1.3.3
64 silly idealTree ├── array-flatten@1.1.1
64 silly idealTree ├── async@2.1.4
64 silly idealTree ├── bcrypt-nodejs@0.0.3
64 silly idealTree ├── bluebird@2.10.2
64 silly idealTree ├── bson@1.0.4
64 silly idealTree ├── buffer-shims@1.0.0
64 silly idealTree ├── content-disposition@0.5.2
64 silly idealTree ├── content-type@1.0.2
64 silly idealTree ├── cookie-signature@1.0.6
64 silly idealTree ├── cookie@0.3.1
64 silly idealTree ├── core-util-is@1.0.2
64 silly idealTree ├── debug@2.6.1
64 silly idealTree ├── depd@1.1.0
64 silly idealTree ├── destroy@1.0.4
64 silly idealTree ├── ee-first@1.1.1
64 silly idealTree ├── encodeurl@1.0.1
64 silly idealTree ├── es6-promise@3.2.1
64 silly idealTree ├── escape-html@1.0.3
64 silly idealTree ├── etag@1.8.0
64 silly idealTree ├── express@4.15.2
64 silly idealTree ├─┬ finalhandler@1.0.1
64 silly idealTree │ └── debug@2.6.3
64 silly idealTree ├── forwarded@0.1.0
64 silly idealTree ├── fresh@0.5.0
64 silly idealTree ├── hooks-fixed@2.0.0
64 silly idealTree ├── http-errors@1.6.1
64 silly idealTree ├── inherits@2.0.3
64 silly idealTree ├── ipaddr.js@1.3.0
64 silly idealTree ├── isarray@1.0.0
64 silly idealTree ├── kareem@1.2.1
64 silly idealTree ├── lodash@4.17.4
64 silly idealTree ├── media-typer@0.3.0
64 silly idealTree ├── merge-descriptors@1.0.1
64 silly idealTree ├── methods@1.1.2
64 silly idealTree ├── mime-db@1.27.0
64 silly idealTree ├── mime-types@2.1.15
64 silly idealTree ├── mime@1.3.4
64 silly idealTree ├── moment@2.18.1
64 silly idealTree ├── mongodb-core@2.1.9
64 silly idealTree ├── mongodb@2.2.25
64 silly idealTree ├── mongoose@4.9.5
64 silly idealTree ├── mpath@0.2.1
64 silly idealTree ├── mpromise@0.5.5
64 silly idealTree ├─┬ mquery@2.3.0
64 silly idealTree │ ├── debug@2.2.0
64 silly idealTree │ ├── ms@0.7.1
64 silly idealTree │ └── sliced@0.0.5
64 silly idealTree ├── ms@0.7.2
64 silly idealTree ├── muri@1.2.1
64 silly idealTree ├── negotiator@0.6.1
64 silly idealTree ├── on-finished@2.3.0
64 silly idealTree ├── parseurl@1.3.1
64 silly idealTree ├── path-to-regexp@0.1.7
64 silly idealTree ├── process-nextick-args@1.0.7
64 silly idealTree ├── proxy-addr@1.1.4
64 silly idealTree ├── qs@6.4.0
64 silly idealTree ├── range-parser@1.2.0
64 silly idealTree ├── readable-stream@2.1.5
64 silly idealTree ├── regexp-clone@0.0.1
64 silly idealTree ├── require_optional@1.0.0
64 silly idealTree ├── resolve-from@2.0.0
64 silly idealTree ├── semver@5.3.0
64 silly idealTree ├── send@0.15.1
64 silly idealTree ├── serve-static@1.12.1
64 silly idealTree ├── setprototypeof@1.0.3
64 silly idealTree ├── sliced@1.0.1
64 silly idealTree ├── statuses@1.3.1
64 silly idealTree ├── string_decoder@0.10.31
64 silly idealTree ├── type-is@1.6.15
64 silly idealTree ├── unpipe@1.0.0
64 silly idealTree ├── util-deprecate@1.0.2
64 silly idealTree ├── utils-merge@1.0.0
64 silly idealTree └── vary@1.1.1
65 silly generateActionsToTake Starting
66 silly install generateActionsToTake
67 silly generateActionsToTake Finishing
68 silly diffTrees action count 1
69 silly diffTrees add moment@2.18.1
70 silly decomposeActions action count 8
71 silly decomposeActions fetch moment@2.18.1
72 silly decomposeActions extract moment@2.18.1
73 silly decomposeActions test moment@2.18.1
74 silly decomposeActions preinstall moment@2.18.1
75 silly decomposeActions build moment@2.18.1
76 silly decomposeActions install moment@2.18.1
77 silly decomposeActions postinstall moment@2.18.1
78 silly decomposeActions finalize moment@2.18.1
79 silly runTopLevelLifecycles Starting
80 silly executeActions Starting
81 silly install executeActions
82 silly doSerial global-install 0
83 silly doParallel fetch 1
84 verbose correctMkdir /home/salma/.npm/_locks correctMkdir not in flight; initializing
85 verbose lock using /home/salma/.npm/_locks/staging-0485b4caf32f40ce.lock for /home/salma/Music/SEProject/node_modules/.staging
86 silly doParallel extract 1
87 silly extract moment@2.18.1
88 verbose unbuild node_modules/.staging/moment-269ae680
89 silly gentlyRm /home/salma/Music/SEProject/node_modules/.staging/moment-269ae680 is being purged from base /home/salma/Music/SEProject
90 verbose gentlyRm don't care about contents; nuking /home/salma/Music/SEProject/node_modules/.staging/moment-269ae680
91 verbose tar unpack /home/salma/.npm/moment/2.18.1/package.tgz
92 verbose tar unpacking to /home/salma/Music/SEProject/node_modules/.staging/moment-269ae680
93 silly gentlyRm /home/salma/Music/SEProject/node_modules/.staging/moment-269ae680 is being purged
94 verbose gentlyRm don't care about contents; nuking /home/salma/Music/SEProject/node_modules/.staging/moment-269ae680
95 silly gunzTarPerm modes [ '775', '664' ]
96 silly gunzTarPerm extractEntry package.json
97 silly gunzTarPerm modified mode [ 'package.json', 420, 436 ]
98 silly gunzTarPerm extractEntry README.md
99 silly gunzTarPerm modified mode [ 'README.md', 420, 436 ]
100 silly gunzTarPerm extractEntry LICENSE
101 silly gunzTarPerm modified mode [ 'LICENSE', 420, 436 ]
102 silly gunzTarPerm extractEntry ender.js
103 silly gunzTarPerm modified mode [ 'ender.js', 420, 436 ]
104 silly gunzTarPerm extractEntry moment.js
105 silly gunzTarPerm modified mode [ 'moment.js', 420, 436 ]
106 silly gunzTarPerm extractEntry package.js
107 silly gunzTarPerm modified mode [ 'package.js', 420, 436 ]
108 silly gunzTarPerm extractEntry min/locales.js
109 silly gunzTarPerm modified mode [ 'min/locales.js', 420, 436 ]
110 silly gunzTarPerm extractEntry min/locales.min.js
111 silly gunzTarPerm modified mode [ 'min/locales.min.js', 420, 436 ]
112 silly gunzTarPerm extractEntry min/moment-with-locales.js
113 silly gunzTarPerm modified mode [ 'min/moment-with-locales.js', 420, 436 ]
114 silly gunzTarPerm extractEntry min/moment-with-locales.min.js
115 silly gunzTarPerm modified mode [ 'min/moment-with-locales.min.js', 420, 436 ]
116 silly gunzTarPerm extractEntry min/moment.min.js
117 silly gunzTarPerm modified mode [ 'min/moment.min.js', 420, 436 ]
118 silly gunzTarPerm extractEntry locale/af.js
119 silly gunzTarPerm modified mode [ 'locale/af.js', 420, 436 ]
120 silly gunzTarPerm extractEntry locale/jv.js
121 silly gunzTarPerm modified mode [ 'locale/jv.js', 420, 436 ]
122 silly gunzTarPerm extractEntry locale/ka.js
123 silly gunzTarPerm modified mode [ 'locale/ka.js', 420, 436 ]
124 silly gunzTarPerm extractEntry locale/kk.js
125 silly gunzTarPerm modified mode [ 'locale/kk.js', 420, 436 ]
126 silly gunzTarPerm extractEntry locale/ja.js
127 silly gunzTarPerm modified mode [ 'locale/ja.js', 420, 436 ]
128 silly gunzTarPerm extractEntry locale/kn.js
129 silly gunzTarPerm modified mode [ 'locale/kn.js', 420, 436 ]
130 silly gunzTarPerm extractEntry locale/ko.js
131 silly gunzTarPerm modified mode [ 'locale/ko.js', 420, 436 ]
132 silly gunzTarPerm extractEntry locale/ky.js
133 silly gunzTarPerm modified mode [ 'locale/ky.js', 420, 436 ]
134 silly gunzTarPerm extractEntry locale/lb.js
135 silly gunzTarPerm modified mode [ 'locale/lb.js', 420, 436 ]
136 silly gunzTarPerm extractEntry locale/lo.js
137 silly gunzTarPerm modified mode [ 'locale/lo.js', 420, 436 ]
138 silly gunzTarPerm extractEntry locale/it.js
139 silly gunzTarPerm modified mode [ 'locale/it.js', 420, 436 ]
140 silly gunzTarPerm extractEntry locale/lt.js
141 silly gunzTarPerm modified mode [ 'locale/lt.js', 420, 436 ]
142 silly gunzTarPerm extractEntry locale/is.js
143 silly gunzTarPerm modified mode [ 'locale/is.js', 420, 436 ]
144 silly gunzTarPerm extractEntry locale/lv.js
145 silly gunzTarPerm modified mode [ 'locale/lv.js', 420, 436 ]
146 silly gunzTarPerm extractEntry locale/id.js
147 silly gunzTarPerm modified mode [ 'locale/id.js', 420, 436 ]
148 silly gunzTarPerm extractEntry locale/me.js
149 silly gunzTarPerm modified mode [ 'locale/me.js', 420, 436 ]
150 silly gunzTarPerm extractEntry locale/hy-am.js
151 silly gunzTarPerm modified mode [ 'locale/hy-am.js', 420, 436 ]
152 silly gunzTarPerm extractEntry locale/mi.js
153 silly gunzTarPerm modified mode [ 'locale/mi.js', 420, 436 ]
154 silly gunzTarPerm extractEntry locale/hu.js
155 silly gunzTarPerm modified mode [ 'locale/hu.js', 420, 436 ]
156 silly gunzTarPerm extractEntry locale/mk.js
157 silly gunzTarPerm modified mode [ 'locale/mk.js', 420, 436 ]
158 silly gunzTarPerm extractEntry locale/hr.js
159 silly gunzTarPerm modified mode [ 'locale/hr.js', 420, 436 ]
160 silly gunzTarPerm extractEntry locale/ml.js
161 silly gunzTarPerm modified mode [ 'locale/ml.js', 420, 436 ]
162 silly gunzTarPerm extractEntry locale/hi.js
163 silly gunzTarPerm modified mode [ 'locale/hi.js', 420, 436 ]
164 silly gunzTarPerm extractEntry locale/mr.js
165 silly gunzTarPerm modified mode [ 'locale/mr.js', 420, 436 ]
166 silly gunzTarPerm extractEntry locale/he.js
167 silly gunzTarPerm modified mode [ 'locale/he.js', 420, 436 ]
168 silly gunzTarPerm extractEntry locale/ms-my.js
169 silly gunzTarPerm modified mode [ 'locale/ms-my.js', 420, 436 ]
170 silly gunzTarPerm extractEntry locale/gom-latn.js
171 silly gunzTarPerm modified mode [ 'locale/gom-latn.js', 420, 436 ]
172 silly gunzTarPerm extractEntry locale/ms.js
173 silly gunzTarPerm modified mode [ 'locale/ms.js', 420, 436 ]
174 silly gunzTarPerm extractEntry locale/gl.js
175 silly gunzTarPerm modified mode [ 'locale/gl.js', 420, 436 ]
176 silly gunzTarPerm extractEntry locale/my.js
177 silly gunzTarPerm modified mode [ 'locale/my.js', 420, 436 ]
178 silly gunzTarPerm extractEntry locale/gd.js
179 silly gunzTarPerm modified mode [ 'locale/gd.js', 420, 436 ]
180 silly gunzTarPerm extractEntry locale/nb.js
181 silly gunzTarPerm modified mode [ 'locale/nb.js', 420, 436 ]
182 silly gunzTarPerm extractEntry locale/fy.js
183 silly gunzTarPerm modified mode [ 'locale/fy.js', 420, 436 ]
184 silly gunzTarPerm extractEntry locale/ne.js
185 silly gunzTarPerm modified mode [ 'locale/ne.js', 420, 436 ]
186 silly gunzTarPerm extractEntry locale/fr.js
187 silly gunzTarPerm modified mode [ 'locale/fr.js', 420, 436 ]
188 silly gunzTarPerm extractEntry locale/nl-be.js
189 silly gunzTarPerm modified mode [ 'locale/nl-be.js', 420, 436 ]
190 silly gunzTarPerm extractEntry locale/fr-ch.js
191 silly gunzTarPerm modified mode [ 'locale/fr-ch.js', 420, 436 ]
192 silly gunzTarPerm extractEntry locale/nl.js
193 silly gunzTarPerm modified mode [ 'locale/nl.js', 420, 436 ]
194 silly gunzTarPerm extractEntry locale/fr-ca.js
195 silly gunzTarPerm modified mode [ 'locale/fr-ca.js', 420, 436 ]
196 silly gunzTarPerm extractEntry locale/nn.js
197 silly gunzTarPerm modified mode [ 'locale/nn.js', 420, 436 ]
198 silly gunzTarPerm extractEntry locale/fo.js
199 silly gunzTarPerm modified mode [ 'locale/fo.js', 420, 436 ]
200 silly gunzTarPerm extractEntry locale/pa-in.js
201 silly gunzTarPerm modified mode [ 'locale/pa-in.js', 420, 436 ]
202 silly gunzTarPerm extractEntry locale/fi.js
203 silly gunzTarPerm modified mode [ 'locale/fi.js', 420, 436 ]
204 silly gunzTarPerm extractEntry locale/pl.js
205 silly gunzTarPerm modified mode [ 'locale/pl.js', 420, 436 ]
206 silly gunzTarPerm extractEntry locale/fa.js
207 silly gunzTarPerm modified mode [ 'locale/fa.js', 420, 436 ]
208 silly gunzTarPerm extractEntry locale/pt-br.js
209 silly gunzTarPerm modified mode [ 'locale/pt-br.js', 420, 436 ]
210 silly gunzTarPerm extractEntry locale/eu.js
211 silly gunzTarPerm modified mode [ 'locale/eu.js', 420, 436 ]
212 silly gunzTarPerm extractEntry locale/pt.js
213 silly gunzTarPerm modified mode [ 'locale/pt.js', 420, 436 ]
214 silly gunzTarPerm extractEntry locale/et.js
215 silly gunzTarPerm modified mode [ 'locale/et.js', 420, 436 ]
216 silly gunzTarPerm extractEntry locale/ro.js
217 silly gunzTarPerm modified mode [ 'locale/ro.js', 420, 436 ]
218 silly gunzTarPerm extractEntry locale/es.js
219 silly gunzTarPerm modified mode [ 'locale/es.js', 420, 436 ]
220 silly gunzTarPerm extractEntry locale/ru.js
221 silly gunzTarPerm modified mode [ 'locale/ru.js', 420, 436 ]
222 silly gunzTarPerm extractEntry locale/es-do.js
223 silly gunzTarPerm modified mode [ 'locale/es-do.js', 420, 436 ]
224 silly gunzTarPerm extractEntry locale/sd.js
225 silly gunzTarPerm modified mode [ 'locale/sd.js', 420, 436 ]
226 silly gunzTarPerm extractEntry locale/eo.js
227 silly gunzTarPerm modified mode [ 'locale/eo.js', 420, 436 ]
228 error tar.unpack untar error /home/salma/.npm/moment/2.18.1/package.tgz
229 error tar.unpack untar error /home/salma/.npm/moment/2.18.1/package.tgz
230 silly gunzTarPerm extractEntry locale/se.js
231 silly gunzTarPerm modified mode [ 'locale/se.js', 420, 436 ]
232 silly gunzTarPerm extractEntry locale/en-nz.js
233 silly gunzTarPerm modified mode [ 'locale/en-nz.js', 420, 436 ]
234 silly gunzTarPerm extractEntry locale/si.js
235 silly gunzTarPerm modified mode [ 'locale/si.js', 420, 436 ]
236 error tar.unpack untar error /home/salma/.npm/moment/2.18.1/package.tgz
237 error tar.unpack untar error /home/salma/.npm/moment/2.18.1/package.tgz
238 silly gunzTarPerm extractEntry locale/en-ie.js
239 silly gunzTarPerm modified mode [ 'locale/en-ie.js', 420, 436 ]
240 silly gunzTarPerm extractEntry locale/sk.js
241 silly gunzTarPerm modified mode [ 'locale/sk.js', 420, 436 ]
242 verbose unlock done using /home/salma/.npm/_locks/staging-0485b4caf32f40ce.lock for /home/salma/Music/SEProject/node_modules/.staging
243 silly rollbackFailedOptional Starting
244 silly rollbackFailedOptional Finishing
245 silly runTopLevelLifecycles Finishing
246 silly install printInstalled
247 verbose stack Error: ENOSPC: no space left on device, write
247 verbose stack     at Error (native)
248 verbose cwd /home/salma/Music/SEProject/src
249 error Linux 4.8.0-46-generic
250 error argv "/home/salma/.nvm/versions/node/v6.9.5/bin/node" "/home/salma/.nvm/versions/node/v6.9.5/bin/npm" "install" "moment"
251 error node v6.9.5
252 error npm  v3.10.10
253 error code ENOSPC
254 error errno -28
255 error syscall write
256 error nospc ENOSPC: no space left on device, write
257 error nospc This is most likely not a problem with npm itself
257 error nospc and is related to insufficient space on your system.
258 verbose exit [ -28, true ]
